<?xml version="1.0" encoding="UTF-8"?>
<!-- Generated by org.testng.reporters.JUnitXMLReporter -->
<testsuite ignored="0" hostname="vivobook-asuslaptop-x512flc-x512fl" failures="0" tests="3" name="Default test" time="33.928" errors="0" timestamp="2024-01-30T15:33:44 IST">
  <testcase classname="com.test.Analytics_Jobs.Jenkinid" name="login" time="1.709"/>
  <testcase classname="com.test.Analytics_Jobs.Jenkinid" name="analytics" time="9.577"/>
  <testcase classname="com.test.Analytics_Jobs.Jenkinid" name="jobs" time="21.308"/>
</testsuite> <!-- Default test -->
