<?xml version="1.0" encoding="UTF-8"?>
<!-- Generated by org.testng.reporters.JUnitXMLReporter -->
<testsuite ignored="0" hostname="vivobook-asuslaptop-x512flc-x512fl" failures="0" tests="3" name="Default test" time="39.378" errors="0" timestamp="2024-01-30T12:00:01 IST">
  <testcase classname="com.test.Analytics_Jobs.Job1" name="login" time="2.115"/>
  <testcase classname="com.test.Analytics_Jobs.Job1" name="analytics" time="10.59"/>
  <testcase classname="com.test.Analytics_Jobs.Job1" name="code" time="25.109"/>
</testsuite> <!-- Default test -->
