<?xml version="1.0" encoding="UTF-8"?>
<testng-results ignored="0" total="3" passed="3" failed="0" skipped="0">
  <reporter-output>
  </reporter-output>
  <suite started-at="2024-01-30T11:59:21 IST" name="Default suite" finished-at="2024-01-30T12:00:00 IST" duration-ms="39378">
    <groups>
    </groups>
    <test started-at="2024-01-30T11:59:21 IST" name="Default test" finished-at="2024-01-30T12:00:00 IST" duration-ms="39378">
      <class name="com.test.Analytics_Jobs.Job1">
        <test-method is-config="true" signature="setup()[pri:0, instance:com.test.Analytics_Jobs.Job1@1da2cb77]" started-at="2024-01-30T11:59:21 IST" name="setup" finished-at="2024-01-30T11:59:22 IST" duration-ms="780" status="PASS">
          <reporter-output>
          </reporter-output>
        </test-method> <!-- setup -->
        <test-method signature="login()[pri:1, instance:com.test.Analytics_Jobs.Job1@1da2cb77]" started-at="2024-01-30T11:59:22 IST" name="login" finished-at="2024-01-30T11:59:24 IST" duration-ms="2115" status="PASS">
          <reporter-output>
          </reporter-output>
        </test-method> <!-- login -->
        <test-method signature="analytics()[pri:2, instance:com.test.Analytics_Jobs.Job1@1da2cb77]" started-at="2024-01-30T11:59:24 IST" name="analytics" finished-at="2024-01-30T11:59:34 IST" duration-ms="10590" status="PASS">
          <reporter-output>
          </reporter-output>
        </test-method> <!-- analytics -->
        <test-method signature="code()[pri:2, instance:com.test.Analytics_Jobs.Job1@1da2cb77]" started-at="2024-01-30T11:59:34 IST" name="code" finished-at="2024-01-30T12:00:00 IST" duration-ms="25109" status="PASS">
          <reporter-output>
          </reporter-output>
        </test-method> <!-- code -->
        <test-method is-config="true" signature="close()[pri:0, instance:com.test.Analytics_Jobs.Job1@1da2cb77]" started-at="2024-01-30T12:00:00 IST" name="close" finished-at="2024-01-30T12:00:00 IST" duration-ms="751" status="PASS">
          <reporter-output>
          </reporter-output>
        </test-method> <!-- close -->
      </class> <!-- com.test.Analytics_Jobs.Job1 -->
    </test> <!-- Default test -->
  </suite> <!-- Default suite -->
</testng-results>
