<?xml version="1.0" encoding="UTF-8"?>
<testng-results ignored="0" total="3" passed="3" failed="0" skipped="0">
  <reporter-output>
  </reporter-output>
  <suite started-at="2024-01-30T15:33:07 IST" name="Default suite" finished-at="2024-01-30T15:33:41 IST" duration-ms="33928">
    <groups>
    </groups>
    <test started-at="2024-01-30T15:33:07 IST" name="Default test" finished-at="2024-01-30T15:33:41 IST" duration-ms="33928">
      <class name="com.test.Analytics_Jobs.Jenkinid">
        <test-method is-config="true" signature="setup()[pri:0, instance:com.test.Analytics_Jobs.Jenkinid@1da2cb77]" started-at="2024-01-30T15:33:07 IST" name="setup" finished-at="2024-01-30T15:33:08 IST" duration-ms="1200" status="PASS">
          <reporter-output>
          </reporter-output>
        </test-method> <!-- setup -->
        <test-method signature="login()[pri:1, instance:com.test.Analytics_Jobs.Jenkinid@1da2cb77]" started-at="2024-01-30T15:33:08 IST" name="login" finished-at="2024-01-30T15:33:10 IST" duration-ms="1709" status="PASS">
          <reporter-output>
          </reporter-output>
        </test-method> <!-- login -->
        <test-method signature="analytics()[pri:2, instance:com.test.Analytics_Jobs.Jenkinid@1da2cb77]" started-at="2024-01-30T15:33:10 IST" name="analytics" finished-at="2024-01-30T15:33:19 IST" duration-ms="9577" status="PASS">
          <reporter-output>
          </reporter-output>
        </test-method> <!-- analytics -->
        <test-method signature="jobs()[pri:2, instance:com.test.Analytics_Jobs.Jenkinid@1da2cb77]" started-at="2024-01-30T15:33:19 IST" name="jobs" finished-at="2024-01-30T15:33:41 IST" duration-ms="21308" status="PASS">
          <reporter-output>
          </reporter-output>
        </test-method> <!-- jobs -->
        <test-method is-config="true" signature="close()[pri:0, instance:com.test.Analytics_Jobs.Jenkinid@1da2cb77]" started-at="2024-01-30T15:33:41 IST" name="close" finished-at="2024-01-30T15:33:41 IST" duration-ms="93" status="PASS">
          <reporter-output>
          </reporter-output>
        </test-method> <!-- close -->
      </class> <!-- com.test.Analytics_Jobs.Jenkinid -->
    </test> <!-- Default test -->
  </suite> <!-- Default suite -->
</testng-results>
